Copyright 1986-2022 Xilinx, Inc. All Rights Reserved. Copyright 2022-2025 Advanced Micro Devices, Inc. All Rights Reserved.
-----------------------------------------------------------------------------------------------------------------------------------------------
| Tool Version : Vivado v.2025.1 (win64) Build 6140274 Thu May 22 00:12:29 MDT 2025
| Date         : Mon Mar  2 13:25:53 2026
| Host         : LAPTOP-DSFFK1DP running 64-bit major release  (build 9200)
| Command      : report_methodology -file top_methodology_drc_routed.rpt -pb top_methodology_drc_routed.pb -rpx top_methodology_drc_routed.rpx
| Design       : top
| Device       : xc7a35ticpg236-1L
| Speed File   : -1L
| Design State : Fully Routed
-----------------------------------------------------------------------------------------------------------------------------------------------

Report Methodology

Table of Contents
-----------------
1. REPORT SUMMARY
2. REPORT DETAILS

1. REPORT SUMMARY
-----------------
            Netlist: netlist
          Floorplan: design_1
      Design limits: <entire design considered>
             Max checks: <unlimited>
             Checks found: 13
+-----------+----------+------------------------------------------------------------------+--------+
| Rule      | Severity | Description                                                      | Checks |
+-----------+----------+------------------------------------------------------------------+--------+
| CKLD-2    | Warning  | Clock Net has IO Driver, not a Clock Buf, and/or non-Clock loads | 1      |
| TIMING-18 | Warning  | Missing input or output delay                                    | 12     |
+-----------+----------+------------------------------------------------------------------+--------+

2. REPORT DETAILS
-----------------
CKLD-2#1 Warning
Clock Net has IO Driver, not a Clock Buf, and/or non-Clock loads  
Clock net clk_IBUF is directly driven by an IO rather than a Clock Buffer or may be an IO driving a mix of Clock Buffer and non-Clock loads. This connectivity should be reviewed and corrected as appropriate. Driver(s): clk_IBUF_inst/O, display_inst/clk
Related violations: <none>

TIMING-18#1 Warning
Missing input or output delay  
An output delay is missing on an[0] relative to the rising and/or falling clock edge(s) of sys_clk.
Related violations: <none>

TIMING-18#2 Warning
Missing input or output delay  
An output delay is missing on an[1] relative to the rising and/or falling clock edge(s) of sys_clk.
Related violations: <none>

TIMING-18#3 Warning
Missing input or output delay  
An output delay is missing on an[2] relative to the rising and/or falling clock edge(s) of sys_clk.
Related violations: <none>

TIMING-18#4 Warning
Missing input or output delay  
An output delay is missing on an[3] relative to the rising and/or falling clock edge(s) of sys_clk.
Related violations: <none>

TIMING-18#5 Warning
Missing input or output delay  
An output delay is missing on seg[0] relative to the rising and/or falling clock edge(s) of sys_clk.
Related violations: <none>

TIMING-18#6 Warning
Missing input or output delay  
An output delay is missing on seg[1] relative to the rising and/or falling clock edge(s) of sys_clk.
Related violations: <none>

TIMING-18#7 Warning
Missing input or output delay  
An output delay is missing on seg[2] relative to the rising and/or falling clock edge(s) of sys_clk.
Related violations: <none>

TIMING-18#8 Warning
Missing input or output delay  
An output delay is missing on seg[3] relative to the rising and/or falling clock edge(s) of sys_clk.
Related violations: <none>

TIMING-18#9 Warning
Missing input or output delay  
An output delay is missing on seg[4] relative to the rising and/or falling clock edge(s) of sys_clk.
Related violations: <none>

TIMING-18#10 Warning
Missing input or output delay  
An output delay is missing on seg[5] relative to the rising and/or falling clock edge(s) of sys_clk.
Related violations: <none>

TIMING-18#11 Warning
Missing input or output delay  
An output delay is missing on seg[6] relative to the rising and/or falling clock edge(s) of sys_clk.
Related violations: <none>

TIMING-18#12 Warning
Missing input or output delay  
An output delay is missing on seg[7] relative to the rising and/or falling clock edge(s) of sys_clk.
Related violations: <none>


