Vivado Simulator v2025.1.0
Copyright 1986-2022 Xilinx, Inc. All Rights Reserved.
Copyright 2022-2025 Advanced Micro Devices, Inc. All Rights Reserved.
Running: C:/Xilinx/2025.1/Vivado/bin/unwrapped/win64.o/xelab.exe --incr --debug typical --relax --mt 2 -L xil_defaultlib -L unisims_ver -L unimacro_ver -L secureip -L xpm --snapshot top_tb_behav xil_defaultlib.top_tb xil_defaultlib.glbl -log elaborate.log 
Using 2 slave threads.
Starting static elaboration
Pass Through NonSizing Optimizer
Completed static elaboration
Starting simulation data flow analysis
Completed simulation data flow analysis
Time Resolution for simulation is 1ps
Compiling module xpm.xpm_cdc_async_rst(RST_ACTIVE_HIG...
Compiling module xil_defaultlib.delay_timer(CLOCK_CYCLE_TIME=5,D...
Compiling module xil_defaultlib.delay_timer(CLOCK_CYCLE_TIME=5,D...
Compiling module xpm.xpm_cdc_single(DEST_SYNC_FF=2)
Compiling module unisims_ver.ODDR(INIT=1'b1)
Compiling module unisims_ver.OBUF
Compiling module xpm.xpm_cdc_single(DEST_SYNC_FF=2,SR...
Compiling module xpm.xpm_cdc_pulse(DEST_SYNC_FF=2,REG...
Compiling module xil_defaultlib.adc(N=16,t_CONV=500,t_EN=10,CLK_...
Compiling module xil_defaultlib.top_tb
Compiling module xil_defaultlib.glbl
Built simulation snapshot top_tb_behav
